AH00558: apache2: Could not reliably determine the server's fully qualified domain name, using 172.19.0.4. Set the 'ServerName' directive globally to suppress this message
[Sun Mar 24 19:35:48.926670 2019] [mpm_prefork:notice] [pid 7] AH00163: Apache/2.4.25 (Debian) PHP/7.1.20 configured -- resuming normal operations
[Sun Mar 24 19:35:48.927392 2019] [core:notice] [pid 7] AH00094: Command line: '/usr/sbin/apache2 -D FOREGROUND'
[Sun Mar 24 19:42:12.754474 2019] [autoindex:error] [pid 11] [client 172.19.0.1:38168] AH01276: Cannot serve directory /var/www/html/: No matching DirectoryIndex (index.php,index.html) found, and server-generated directory index forbidden by Options directive
AH00558: apache2: Could not reliably determine the server's fully qualified domain name, using 172.19.0.6. Set the 'ServerName' directive globally to suppress this message
[Sun Mar 31 16:48:28.639045 2019] [core:warn] [pid 7] AH00098: pid file /var/run/apache2/apache2.pid overwritten -- Unclean shutdown of previous Apache run?
[Sun Mar 31 16:48:28.647370 2019] [mpm_prefork:notice] [pid 7] AH00163: Apache/2.4.25 (Debian) PHP/7.1.20 configured -- resuming normal operations
[Sun Mar 31 16:48:28.648051 2019] [core:notice] [pid 7] AH00094: Command line: '/usr/sbin/apache2 -D FOREGROUND'
AH00558: apache2: Could not reliably determine the server's fully qualified domain name, using 172.19.0.5. Set the 'ServerName' directive globally to suppress this message
[Sun Mar 31 16:50:27.261918 2019] [core:warn] [pid 7] AH00098: pid file /var/run/apache2/apache2.pid overwritten -- Unclean shutdown of previous Apache run?
[Sun Mar 31 16:50:27.265260 2019] [mpm_prefork:notice] [pid 7] AH00163: Apache/2.4.25 (Debian) PHP/7.1.20 configured -- resuming normal operations
[Sun Mar 31 16:50:27.265749 2019] [core:notice] [pid 7] AH00094: Command line: '/usr/sbin/apache2 -D FOREGROUND'
[Sun Mar 31 17:03:34.173784 2019] [core:alert] [pid 12] [client 172.19.0.1:59172] /var/www/html/doika/.htaccess: </IfModule> without matching <IfModule> section
[Sun Mar 31 17:03:35.726434 2019] [core:alert] [pid 43] [client 172.19.0.1:59170] /var/www/html/doika/.htaccess: </IfModule> without matching <IfModule> section
[Sun Mar 31 17:03:40.749438 2019] [core:alert] [pid 8] [client 172.19.0.1:59174] /var/www/html/doika/.htaccess: </IfModule> without matching <IfModule> section
[Sun Mar 31 17:03:44.017726 2019] [core:alert] [pid 45] [client 172.19.0.1:59176] /var/www/html/doika/.htaccess: </IfModule> without matching <IfModule> section
[Sun Mar 31 17:03:59.053786 2019] [core:alert] [pid 47] [client 172.19.0.1:59180] /var/www/html/doika/.htaccess: </IfModule> without matching <IfModule> section
[Sun Mar 31 17:04:09.127723 2019] [core:alert] [pid 10] [client 172.19.0.1:59186] /var/www/html/doika/.htaccess: </IfModule> without matching <IfModule> section
[Sun Mar 31 17:05:59.133418 2019] [core:alert] [pid 9] [client 172.19.0.1:59188] /var/www/html/doika/.htaccess: </IfModule> without matching <IfModule> section
[Sun Mar 31 17:06:01.563862 2019] [core:alert] [pid 12] [client 172.19.0.1:59190] /var/www/html/doika/.htaccess: </IfModule> without matching <IfModule> section
[Sun Mar 31 17:06:22.100701 2019] [core:alert] [pid 8] [client 172.19.0.1:59194] /var/www/html/doika/.htaccess: </IfModule> without matching <IfModule> section
[Sun Mar 31 17:06:24.611744 2019] [core:alert] [pid 45] [client 172.19.0.1:59196] /var/www/html/doika/.htaccess: </IfModule> without matching <IfModule> section
[Sun Mar 31 17:07:06.780108 2019] [core:alert] [pid 47] [client 172.19.0.1:59200] /var/www/html/doika/.htaccess: </IfModule> without matching <IfModule> section
[Sun Mar 31 17:07:20.708126 2019] [core:alert] [pid 10] [client 172.19.0.1:59204] /var/www/html/doika/.htaccess: </IfModule> without matching <IfModule> section
[Sun Mar 31 17:07:36.915391 2019] [core:alert] [pid 9] [client 172.19.0.1:59210] /var/www/html/doika/.htaccess: </IfModule> without matching <IfModule> section
[Sun Mar 31 17:07:38.578925 2019] [core:alert] [pid 12] [client 172.19.0.1:59208] /var/www/html/doika/.htaccess: </IfModule> without matching <IfModule> section
[Sun Mar 31 17:08:49.074665 2019] [core:alert] [pid 8] [client 172.19.0.1:59216] /var/www/html/doika/.htaccess: </IfModule> without matching <IfModule> section
[Sun Mar 31 17:08:55.079884 2019] [core:alert] [pid 45] [client 172.19.0.1:59214] /var/www/html/doika/.htaccess: </IfModule> without matching <IfModule> section
[Sun Mar 31 17:09:12.954952 2019] [core:alert] [pid 47] [client 172.19.0.1:59222] /var/www/html/doika/.htaccess: </IfModule> without matching <IfModule> section
[Sun Mar 31 17:09:27.026442 2019] [core:alert] [pid 10] [client 172.19.0.1:59224] /var/www/html/doika/.htaccess: </IfModule> without matching <IfModule> section
[Sun Mar 31 17:09:46.900478 2019] [mpm_prefork:notice] [pid 7] AH00169: caught SIGTERM, shutting down
AH00558: apache2: Could not reliably determine the server's fully qualified domain name, using 172.19.0.2. Set the 'ServerName' directive globally to suppress this message
[Sun Mar 31 17:09:48.218744 2019] [mpm_prefork:notice] [pid 7] AH00163: Apache/2.4.25 (Debian) PHP/7.1.20 configured -- resuming normal operations
[Sun Mar 31 17:09:48.219090 2019] [core:notice] [pid 7] AH00094: Command line: '/usr/sbin/apache2 -D FOREGROUND'
[Sun Mar 31 17:10:03.434983 2019] [core:alert] [pid 8] [client 172.19.0.1:33038] /var/www/html/doika/.htaccess: </IfModule> without matching <IfModule> section
[Sun Mar 31 17:10:04.946449 2019] [core:alert] [pid 9] [client 172.19.0.1:33040] /var/www/html/doika/.htaccess: </IfModule> without matching <IfModule> section
AH00558: apache2: Could not reliably determine the server's fully qualified domain name, using 172.19.0.6. Set the 'ServerName' directive globally to suppress this message
[Sun Mar 31 17:11:07.593867 2019] [core:warn] [pid 7] AH00098: pid file /var/run/apache2/apache2.pid overwritten -- Unclean shutdown of previous Apache run?
[Sun Mar 31 17:11:07.596608 2019] [mpm_prefork:notice] [pid 7] AH00163: Apache/2.4.25 (Debian) PHP/7.1.20 configured -- resuming normal operations
[Sun Mar 31 17:11:07.597348 2019] [core:notice] [pid 7] AH00094: Command line: '/usr/sbin/apache2 -D FOREGROUND'
[Sun Mar 31 17:12:09.834027 2019] [core:alert] [pid 11] [client 172.19.0.1:60772] /var/www/html/doika/.htaccess: </IfModule> without matching <IfModule> section
[Sun Mar 31 17:12:12.042653 2019] [core:alert] [pid 12] [client 172.19.0.1:60770] /var/www/html/doika/.htaccess: </IfModule> without matching <IfModule> section
[Sun Mar 31 17:12:19.556102 2019] [autoindex:error] [pid 9] [client 172.19.0.1:60776] AH01276: Cannot serve directory /var/www/html/: No matching DirectoryIndex (index.php,index.html) found, and server-generated directory index forbidden by Options directive
[Sun Mar 31 17:12:24.037381 2019] [core:alert] [pid 9] [client 172.19.0.1:60776] /var/www/html/doika/.htaccess: </IfModule> without matching <IfModule> section
[Sun Mar 31 17:12:30.783066 2019] [core:alert] [pid 11] [client 172.19.0.1:60780] /var/www/html/doika/.htaccess: </IfModule> without matching <IfModule> section
[Sun Mar 31 17:12:38.829870 2019] [core:alert] [pid 12] [client 172.19.0.1:60782] /var/www/html/doika/.htaccess: </IfModule> without matching <IfModule> section
AH00558: apache2: Could not reliably determine the server's fully qualified domain name, using 172.19.0.3. Set the 'ServerName' directive globally to suppress this message
[Thu Apr 04 20:03:01.792479 2019] [core:warn] [pid 7] AH00098: pid file /var/run/apache2/apache2.pid overwritten -- Unclean shutdown of previous Apache run?
[Thu Apr 04 20:03:01.794759 2019] [mpm_prefork:notice] [pid 7] AH00163: Apache/2.4.25 (Debian) PHP/7.1.20 configured -- resuming normal operations
[Thu Apr 04 20:03:01.794966 2019] [core:notice] [pid 7] AH00094: Command line: '/usr/sbin/apache2 -D FOREGROUND'
[Thu Apr 04 20:03:36.869438 2019] [autoindex:error] [pid 9] [client 172.19.0.1:35802] AH01276: Cannot serve directory /var/www/html/: No matching DirectoryIndex (index.php,index.html) found, and server-generated directory index forbidden by Options directive
AH00558: apache2: Could not reliably determine the server's fully qualified domain name, using 172.19.0.4. Set the 'ServerName' directive globally to suppress this message
[Fri Apr 05 15:37:15.728300 2019] [core:warn] [pid 7] AH00098: pid file /var/run/apache2/apache2.pid overwritten -- Unclean shutdown of previous Apache run?
[Fri Apr 05 15:37:15.730431 2019] [mpm_prefork:notice] [pid 7] AH00163: Apache/2.4.25 (Debian) PHP/7.1.20 configured -- resuming normal operations
[Fri Apr 05 15:37:15.730443 2019] [core:notice] [pid 7] AH00094: Command line: '/usr/sbin/apache2 -D FOREGROUND'
[Fri Apr 05 15:38:48.856709 2019] [autoindex:error] [pid 11] [client 172.19.0.1:58194] AH01276: Cannot serve directory /var/www/html/: No matching DirectoryIndex (index.php,index.html) found, and server-generated directory index forbidden by Options directive
[Fri Apr 05 15:59:42.624625 2019] [php7:error] [pid 14] [client 172.19.0.1:58330] script '/var/www/html/_intellij_phpdebug_validator.php' not found or unable to stat
AH00558: apache2: Could not reliably determine the server's fully qualified domain name, using 172.18.0.4. Set the 'ServerName' directive globally to suppress this message
[Fri Apr 05 18:08:34.205159 2019] [mpm_prefork:notice] [pid 7] AH00163: Apache/2.4.25 (Debian) PHP/7.1.20 configured -- resuming normal operations
[Fri Apr 05 18:08:34.206523 2019] [core:notice] [pid 7] AH00094: Command line: '/usr/sbin/apache2 -D FOREGROUND'
[Fri Apr 05 18:10:49.780736 2019] [mpm_prefork:notice] [pid 7] AH00163: Apache/2.4.25 (Debian) PHP/7.1.20 configured -- resuming normal operations
[Fri Apr 05 18:10:49.781172 2019] [core:notice] [pid 7] AH00094: Command line: '/usr/sbin/apache2 -D FOREGROUND'
AH00558: apache2: Could not reliably determine the server's fully qualified domain name, using 172.19.0.5. Set the 'ServerName' directive globally to suppress this message
[Fri Apr 05 18:23:13.115956 2019] [mpm_prefork:notice] [pid 7] AH00163: Apache/2.4.25 (Debian) PHP/7.1.20 configured -- resuming normal operations
[Fri Apr 05 18:23:13.116901 2019] [core:notice] [pid 7] AH00094: Command line: '/usr/sbin/apache2 -D FOREGROUND'
[Fri Apr 05 18:32:51.795761 2019] [php7:error] [pid 11] [client 172.19.0.1:41706] script '/var/www/html/_intellij_phpdebug_validator.php' not found or unable to stat
AH00558: apache2: Could not reliably determine the server's fully qualified domain name, using 172.20.0.4. Set the 'ServerName' directive globally to suppress this message
[Fri Apr 05 18:40:05.533813 2019] [mpm_prefork:notice] [pid 7] AH00163: Apache/2.4.25 (Debian) PHP/7.1.20 configured -- resuming normal operations
[Fri Apr 05 18:40:05.534953 2019] [core:notice] [pid 7] AH00094: Command line: '/usr/sbin/apache2 -D FOREGROUND'
[Fri Apr 05 19:22:13.210117 2019] [autoindex:error] [pid 12] [client 172.20.0.1:45304] AH01276: Cannot serve directory /var/www/html/: No matching DirectoryIndex (index.php,index.html) found, and server-generated directory index forbidden by Options directive
1554492465.107746: There was a problem sending 274 bytes on socket 9: Broken pipe
1554492465.234596: There was a problem sending 309 bytes on socket 9: Broken pipe
1554492465.310738: There was a problem sending 309 bytes on socket 9: Broken pipe
1554492465.424376: There was a problem sending 5326 bytes on socket 9: Broken pipe
1554492465.429071: There was a problem sending 179 bytes on socket 9: Broken pipe
AH00558: apache2: Could not reliably determine the server's fully qualified domain name, using 172.20.0.5. Set the 'ServerName' directive globally to suppress this message
[Fri Apr 05 19:38:26.909850 2019] [mpm_prefork:notice] [pid 7] AH00163: Apache/2.4.25 (Debian) PHP/7.1.20 configured -- resuming normal operations
[Fri Apr 05 19:38:26.910481 2019] [core:notice] [pid 7] AH00094: Command line: '/usr/sbin/apache2 -D FOREGROUND'
[Fri Apr 05 19:40:50.357870 2019] [php7:error] [pid 8] [client 172.20.0.1:53818] script '/var/www/html/_intellij_phpdebug_validator.php' not found or unable to stat
[Fri Apr 05 19:42:07.634876 2019] [php7:error] [pid 9] [client 172.20.0.1:53820] script '/var/www/html/_intellij_phpdebug_validator.php' not found or unable to stat
[Fri Apr 05 19:42:16.186283 2019] [php7:error] [pid 10] [client 172.20.0.1:53822] script '/var/www/html/_intellij_phpdebug_validator.php' not found or unable to stat
[Fri Apr 05 19:42:25.833695 2019] [php7:error] [pid 11] [client 172.20.0.1:53824] script '/var/www/html/_intellij_phpdebug_validator.php' not found or unable to stat
[Fri Apr 05 20:09:22.399075 2019] [autoindex:error] [pid 8] [client 172.20.0.1:53908] AH01276: Cannot serve directory /var/www/html/: No matching DirectoryIndex (index.php,index.html) found, and server-generated directory index forbidden by Options directive
[Fri Apr 05 20:09:47.807670 2019] [autoindex:error] [pid 14] [client 172.20.0.1:53910] AH01276: Cannot serve directory /var/www/html/doika/public/: No matching DirectoryIndex (index.php,index.html) found, and server-generated directory index forbidden by Options directive
[Fri Apr 05 20:10:01.183892 2019] [autoindex:error] [pid 9] [client 172.20.0.1:53912] AH01276: Cannot serve directory /var/www/html/: No matching DirectoryIndex (index.php,index.html) found, and server-generated directory index forbidden by Options directive
1554495015.100131: There was a problem sending 274 bytes on socket 9: Broken pipe
1554495015.218678: There was a problem sending 309 bytes on socket 9: Broken pipe
1554495015.290826: There was a problem sending 309 bytes on socket 9: Broken pipe
1554495015.393134: There was a problem sending 5326 bytes on socket 9: Broken pipe
1554495015.397786: There was a problem sending 179 bytes on socket 9: Broken pipe
[Fri Apr 05 20:11:29.295837 2019] [autoindex:error] [pid 10] [client 172.20.0.1:53922] AH01276: Cannot serve directory /var/www/html/: No matching DirectoryIndex (index.php,index.html) found, and server-generated directory index forbidden by Options directive
[Fri Apr 05 20:11:30.062869 2019] [autoindex:error] [pid 10] [client 172.20.0.1:53922] AH01276: Cannot serve directory /var/www/html/: No matching DirectoryIndex (index.php,index.html) found, and server-generated directory index forbidden by Options directive
[Fri Apr 05 20:12:38.318713 2019] [autoindex:error] [pid 12] [client 172.20.0.1:53930] AH01276: Cannot serve directory /var/www/html/: No matching DirectoryIndex (index.php,index.html) found, and server-generated directory index forbidden by Options directive
[Fri Apr 05 20:12:55.470252 2019] [autoindex:error] [pid 14] [client 172.20.0.1:53936] AH01276: Cannot serve directory /var/www/html/: No matching DirectoryIndex (index.php,index.html) found, and server-generated directory index forbidden by Options directive
[Fri Apr 05 20:12:57.415614 2019] [autoindex:error] [pid 14] [client 172.20.0.1:53936] AH01276: Cannot serve directory /var/www/html/: No matching DirectoryIndex (index.php,index.html) found, and server-generated directory index forbidden by Options directive
1554495525.533654: There was a problem sending 5326 bytes on socket 9: Broken pipe
1554495525.538391: There was a problem sending 214 bytes on socket 9: Broken pipe
1554495915.535630: There was a problem sending 5326 bytes on socket 9: Broken pipe
1554495915.540443: There was a problem sending 214 bytes on socket 9: Broken pipe
AH00558: apache2: Could not reliably determine the server's fully qualified domain name, using 172.20.0.4. Set the 'ServerName' directive globally to suppress this message
[Fri Apr 05 20:42:20.524382 2019] [mpm_prefork:notice] [pid 7] AH00163: Apache/2.4.25 (Debian) PHP/7.1.20 configured -- resuming normal operations
[Fri Apr 05 20:42:20.525398 2019] [core:notice] [pid 7] AH00094: Command line: '/usr/sbin/apache2 -D FOREGROUND'
1554498074.959466: There was a problem sending 354 bytes on socket 9: Broken pipe
1554498075.118643: There was a problem sending 309 bytes on socket 9: Broken pipe
1554498075.299945: There was a problem sending 5326 bytes on socket 9: Broken pipe
1554498075.305649: There was a problem sending 179 bytes on socket 9: Broken pipe
1554498075.872537: There was a problem sending 5326 bytes on socket 9: Broken pipe
1554498075.878086: There was a problem sending 214 bytes on socket 9: Broken pipe
1554498075.888855: There was a problem sending 5326 bytes on socket 9: Broken pipe
1554498075.891753: There was a problem sending 5326 bytes on socket 9: Broken pipe
1554498075.894000: There was a problem sending 214 bytes on socket 9: Broken pipe
1554498075.896930: There was a problem sending 214 bytes on socket 9: Broken pipe
1554499095.429276: There was a problem sending 274 bytes on socket 9: Broken pipe
1554499095.618112: There was a problem sending 309 bytes on socket 9: Broken pipe
1554499095.740364: There was a problem sending 309 bytes on socket 9: Broken pipe
1554499095.915692: There was a problem sending 5326 bytes on socket 9: Broken pipe
1554499095.915894: There was a problem sending 269 bytes on socket 9: Broken pipe
1554499095.916814: There was a problem sending 5326 bytes on socket 9: Broken pipe
1554499095.917006: There was a problem sending 269 bytes on socket 9: Broken pipe
1554499095.920898: There was a problem sending 214 bytes on socket 9: Broken pipe
1554499095.921817: There was a problem sending 179 bytes on socket 9: Broken pipe
AH00558: apache2: Could not reliably determine the server's fully qualified domain name, using 172.20.0.5. Set the 'ServerName' directive globally to suppress this message
[Sun Apr 07 17:41:12.371579 2019] [core:warn] [pid 7] AH00098: pid file /var/run/apache2/apache2.pid overwritten -- Unclean shutdown of previous Apache run?
[Sun Apr 07 17:41:12.374581 2019] [mpm_prefork:notice] [pid 7] AH00163: Apache/2.4.25 (Debian) PHP/7.1.20 configured -- resuming normal operations
[Sun Apr 07 17:41:12.375008 2019] [core:notice] [pid 7] AH00094: Command line: '/usr/sbin/apache2 -D FOREGROUND'
AH00558: apache2: Could not reliably determine the server's fully qualified domain name, using 172.20.0.4. Set the 'ServerName' directive globally to suppress this message
[Sun Apr 07 17:48:58.574497 2019] [core:warn] [pid 7] AH00098: pid file /var/run/apache2/apache2.pid overwritten -- Unclean shutdown of previous Apache run?
[Sun Apr 07 17:48:58.576776 2019] [mpm_prefork:notice] [pid 7] AH00163: Apache/2.4.25 (Debian) PHP/7.1.20 configured -- resuming normal operations
[Sun Apr 07 17:48:58.576933 2019] [core:notice] [pid 7] AH00094: Command line: '/usr/sbin/apache2 -D FOREGROUND'
AH00558: apache2: Could not reliably determine the server's fully qualified domain name, using 172.20.0.5. Set the 'ServerName' directive globally to suppress this message
[Sun Apr 07 17:50:34.386852 2019] [mpm_prefork:notice] [pid 7] AH00163: Apache/2.4.25 (Debian) PHP/7.1.20 configured -- resuming normal operations
[Sun Apr 07 17:50:34.392451 2019] [core:notice] [pid 7] AH00094: Command line: '/usr/sbin/apache2 -D FOREGROUND'
1554659889.994312: There was a problem sending 319 bytes on socket 9: Broken pipe
1554659890.002570: There was a problem sending 280 bytes on socket 9: Broken pipe
1554659890.003099: There was a problem sending 280 bytes on socket 9: Broken pipe
1554659890.003590: There was a problem sending 280 bytes on socket 9: Broken pipe
1554659890.119388: There was a problem sending 309 bytes on socket 9: Broken pipe
1554659890.191112: There was a problem sending 309 bytes on socket 9: Broken pipe
1554659890.324670: There was a problem sending 269 bytes on socket 9: Broken pipe
1554659890.325266: There was a problem sending 5326 bytes on socket 9: Broken pipe
1554659890.325518: There was a problem sending 269 bytes on socket 9: Broken pipe
1554659890.330297: There was a problem sending 179 bytes on socket 9: Broken pipe
1554660919.071302: There was a problem sending 280 bytes on socket 9: Broken pipe
1554660919.074906: There was a problem sending 280 bytes on socket 9: Broken pipe
1554660919.075398: There was a problem sending 280 bytes on socket 9: Broken pipe
1554660919.075912: There was a problem sending 280 bytes on socket 9: Broken pipe
1554660919.288946: There was a problem sending 309 bytes on socket 9: Broken pipe
1554660919.289036: There was a problem sending 309 bytes on socket 9: Broken pipe
1554660919.408609: There was a problem sending 309 bytes on socket 9: Broken pipe
1554660919.409311: There was a problem sending 309 bytes on socket 9: Broken pipe
1554660919.598114: There was a problem sending 269 bytes on socket 9: Broken pipe
1554660919.598339: There was a problem sending 269 bytes on socket 9: Broken pipe
1554660919.599065: There was a problem sending 5326 bytes on socket 9: Broken pipe
1554660919.599225: There was a problem sending 5326 bytes on socket 9: Broken pipe
1554660919.599381: There was a problem sending 269 bytes on socket 9: Broken pipe
1554660919.599650: There was a problem sending 269 bytes on socket 9: Broken pipe
1554660919.605089: There was a problem sending 179 bytes on socket 9: Broken pipe
1554660919.605705: There was a problem sending 179 bytes on socket 9: Broken pipe
1554660919.762719: There was a problem sending 322 bytes on socket 9: Broken pipe
1554660919.769378: There was a problem sending 280 bytes on socket 9: Broken pipe
1554660919.769894: There was a problem sending 280 bytes on socket 9: Broken pipe
1554660919.770400: There was a problem sending 280 bytes on socket 9: Broken pipe
1554660919.841948: There was a problem sending 309 bytes on socket 9: Broken pipe
1554660919.941304: There was a problem sending 309 bytes on socket 9: Broken pipe
1554660920.016267: There was a problem sending 269 bytes on socket 9: Broken pipe
1554660920.016845: There was a problem sending 5326 bytes on socket 9: Broken pipe
1554660920.017080: There was a problem sending 269 bytes on socket 9: Broken pipe
1554660920.021798: There was a problem sending 179 bytes on socket 9: Broken pipe
1554663232.487495: There was a problem sending 280 bytes on socket 9: Broken pipe
1554663232.493847: There was a problem sending 280 bytes on socket 9: Broken pipe
1554663232.495866: There was a problem sending 280 bytes on socket 9: Broken pipe
1554663232.497131: There was a problem sending 280 bytes on socket 9: Broken pipe
1554663232.494987: There was a problem sending 280 bytes on socket 9: Broken pipe
1554663232.506558: There was a problem sending 280 bytes on socket 9: Broken pipe
1554663232.500115: There was a problem sending 280 bytes on socket 9: Broken pipe
1554663232.502922: There was a problem sending 280 bytes on socket 9: Broken pipe
1554663232.504758: There was a problem sending 325 bytes on socket 9: Broken pipe
1554663232.506027: There was a problem sending 280 bytes on socket 9: Broken pipe
1554663232.516921: There was a problem sending 280 bytes on socket 9: Broken pipe
1554663232.518490: There was a problem sending 280 bytes on socket 9: Broken pipe
1554663232.519982: There was a problem sending 280 bytes on socket 9: Broken pipe
1554663232.520879: There was a problem sending 280 bytes on socket 9: Broken pipe
1554663232.525464: There was a problem sending 280 bytes on socket 9: Broken pipe
1554663232.849820: There was a problem sending 309 bytes on socket 9: Broken pipe
1554663232.849826: There was a problem sending 309 bytes on socket 9: Broken pipe
1554663232.850379: There was a problem sending 309 bytes on socket 9: Broken pipe
1554663232.850733: There was a problem sending 309 bytes on socket 9: Broken pipe
1554663232.852253: There was a problem sending 309 bytes on socket 9: Broken pipe
1554663232.852036: There was a problem sending 309 bytes on socket 9: Broken pipe
1554663232.852253: There was a problem sending 309 bytes on socket 9: Broken pipe
1554663232.852384: There was a problem sending 309 bytes on socket 9: Broken pipe
1554663233.043683: There was a problem sending 309 bytes on socket 9: Broken pipe
1554663233.052190: There was a problem sending 309 bytes on socket 9: Broken pipe
1554663233.055017: There was a problem sending 309 bytes on socket 9: Broken pipe
1554663233.062680: There was a problem sending 309 bytes on socket 9: Broken pipe
1554663233.062680: There was a problem sending 309 bytes on socket 9: Broken pipe
1554663233.067265: There was a problem sending 309 bytes on socket 9: Broken pipe
1554663233.068416: There was a problem sending 309 bytes on socket 9: Broken pipe
1554663233.067727: There was a problem sending 309 bytes on socket 9: Broken pipe
1554663233.293601: There was a problem sending 269 bytes on socket 9: Broken pipe
1554663233.294487: There was a problem sending 269 bytes on socket 9: Broken pipe
1554663233.295326: There was a problem sending 5326 bytes on socket 9: Broken pipe
1554663233.295735: There was a problem sending 269 bytes on socket 9: Broken pipe
1554663233.296239: There was a problem sending 269 bytes on socket 9: Broken pipe
1554663233.297086: There was a problem sending 5326 bytes on socket 9: Broken pipe
1554663233.297480: There was a problem sending 269 bytes on socket 9: Broken pipe
1554663233.295400: There was a problem sending 5326 bytes on socket 9: Broken pipe
1554663233.299040: There was a problem sending 269 bytes on socket 9: Broken pipe
1554663233.295894: There was a problem sending 269 bytes on socket 9: Broken pipe
1554663233.302109: There was a problem sending 5326 bytes on socket 9: Broken pipe
1554663233.302332: There was a problem sending 269 bytes on socket 9: Broken pipe
1554663233.301148: There was a problem sending 269 bytes on socket 9: Broken pipe
1554663233.304929: There was a problem sending 5326 bytes on socket 9: Broken pipe
1554663233.305230: There was a problem sending 269 bytes on socket 9: Broken pipe
1554663233.306845: There was a problem sending 179 bytes on socket 9: Broken pipe
1554663233.307758: There was a problem sending 269 bytes on socket 9: Broken pipe
1554663233.309399: There was a problem sending 5326 bytes on socket 9: Broken pipe
1554663233.310277: There was a problem sending 269 bytes on socket 9: Broken pipe
1554663233.317117: There was a problem sending 179 bytes on socket 9: Broken pipe
1554663233.318093: There was a problem sending 179 bytes on socket 9: Broken pipe
1554663233.320179: There was a problem sending 269 bytes on socket 9: Broken pipe
1554663233.324616: There was a problem sending 5326 bytes on socket 9: Broken pipe
1554663233.325087: There was a problem sending 269 bytes on socket 9: Broken pipe
1554663233.321527: There was a problem sending 179 bytes on socket 9: Broken pipe
1554663233.321857: There was a problem sending 179 bytes on socket 9: Broken pipe
1554663233.322782: There was a problem sending 179 bytes on socket 9: Broken pipe
1554663233.330192: There was a problem sending 269 bytes on socket 9: Broken pipe
1554663233.331740: There was a problem sending 5326 bytes on socket 9: Broken pipe
1554663233.332393: There was a problem sending 269 bytes on socket 9: Broken pipe
1554663233.341971: There was a problem sending 179 bytes on socket 9: Broken pipe
1554663233.349608: There was a problem sending 179 bytes on socket 9: Broken pipe
1554663233.595545: There was a problem sending 319 bytes on socket 9: Broken pipe
1554663233.605209: There was a problem sending 280 bytes on socket 9: Broken pipe
1554663233.606502: There was a problem sending 280 bytes on socket 9: Broken pipe
1554663233.607032: There was a problem sending 280 bytes on socket 9: Broken pipe
1554663233.607772: There was a problem sending 280 bytes on socket 9: Broken pipe
1554663233.608318: There was a problem sending 280 bytes on socket 9: Broken pipe
1554663233.608804: There was a problem sending 280 bytes on socket 9: Broken pipe
1554663233.758310: There was a problem sending 309 bytes on socket 9: Broken pipe
1554663233.758427: There was a problem sending 309 bytes on socket 9: Broken pipe
1554663233.845716: There was a problem sending 309 bytes on socket 9: Broken pipe
1554663233.855063: There was a problem sending 309 bytes on socket 9: Broken pipe
1554663233.946160: There was a problem sending 269 bytes on socket 9: Broken pipe
1554663233.947236: There was a problem sending 5326 bytes on socket 9: Broken pipe
1554663233.947552: There was a problem sending 269 bytes on socket 9: Broken pipe
1554663233.953106: There was a problem sending 179 bytes on socket 9: Broken pipe
1554663233.958265: There was a problem sending 269 bytes on socket 9: Broken pipe
1554663233.958894: There was a problem sending 5326 bytes on socket 9: Broken pipe
1554663233.959135: There was a problem sending 269 bytes on socket 9: Broken pipe
1554663233.963928: There was a problem sending 179 bytes on socket 9: Broken pipe
AH00558: apache2: Could not reliably determine the server's fully qualified domain name, using 172.20.0.5. Set the 'ServerName' directive globally to suppress this message
Cannot load Xdebug - it was already loaded
[Sun Apr 07 19:00:59.519811 2019] [mpm_prefork:notice] [pid 7] AH00163: Apache/2.4.25 (Debian) PHP/7.1.20 configured -- resuming normal operations
[Sun Apr 07 19:00:59.525374 2019] [core:notice] [pid 7] AH00094: Command line: '/usr/sbin/apache2 -D FOREGROUND'
1554663981.396760: There was a problem sending 325 bytes on socket 9: Broken pipe
1554663981.397470: There was a problem sending 280 bytes on socket 9: Broken pipe
1554663981.398179: There was a problem sending 280 bytes on socket 9: Broken pipe
1554663981.403779: There was a problem sending 325 bytes on socket 9: Broken pipe
1554663981.409145: There was a problem sending 280 bytes on socket 9: Broken pipe
1554663981.406457: There was a problem sending 325 bytes on socket 9: Broken pipe
1554663981.408658: There was a problem sending 325 bytes on socket 9: Broken pipe
1554663981.411128: There was a problem sending 280 bytes on socket 9: Broken pipe
1554663981.411797: There was a problem sending 280 bytes on socket 9: Broken pipe
1554663981.409990: There was a problem sending 280 bytes on socket 9: Broken pipe
1554663981.410614: There was a problem sending 280 bytes on socket 9: Broken pipe
1554663981.415370: There was a problem sending 280 bytes on socket 9: Broken pipe
1554663981.631490: There was a problem sending 309 bytes on socket 9: Broken pipe
1554663981.631767: There was a problem sending 309 bytes on socket 9: Broken pipe
1554663981.631870: There was a problem sending 309 bytes on socket 9: Broken pipe
1554663981.632098: There was a problem sending 309 bytes on socket 9: Broken pipe
1554663981.772816: There was a problem sending 309 bytes on socket 9: Broken pipe
1554663981.773559: There was a problem sending 309 bytes on socket 9: Broken pipe
1554663981.774388: There was a problem sending 309 bytes on socket 9: Broken pipe
1554663981.774512: There was a problem sending 309 bytes on socket 9: Broken pipe
1554663981.951936: There was a problem sending 269 bytes on socket 9: Broken pipe
1554663981.952003: There was a problem sending 269 bytes on socket 9: Broken pipe
1554663981.952856: There was a problem sending 5326 bytes on socket 9: Broken pipe
1554663981.953106: There was a problem sending 5326 bytes on socket 9: Broken pipe
1554663981.953671: There was a problem sending 269 bytes on socket 9: Broken pipe
1554663981.953440: There was a problem sending 269 bytes on socket 9: Broken pipe
1554663981.953684: There was a problem sending 269 bytes on socket 9: Broken pipe
1554663981.953911: There was a problem sending 269 bytes on socket 9: Broken pipe
1554663981.958709: There was a problem sending 5326 bytes on socket 9: Broken pipe
1554663981.957693: There was a problem sending 5326 bytes on socket 9: Broken pipe
1554663981.959406: There was a problem sending 269 bytes on socket 9: Broken pipe
1554663981.960475: There was a problem sending 179 bytes on socket 9: Broken pipe
1554663981.959480: There was a problem sending 179 bytes on socket 9: Broken pipe
1554663981.959880: There was a problem sending 269 bytes on socket 9: Broken pipe
1554663981.968501: There was a problem sending 179 bytes on socket 9: Broken pipe
1554663981.974768: There was a problem sending 179 bytes on socket 9: Broken pipe
1554663982.221074: There was a problem sending 274 bytes on socket 9: Broken pipe
1554663982.229094: There was a problem sending 280 bytes on socket 9: Broken pipe
1554663982.229743: There was a problem sending 280 bytes on socket 9: Broken pipe
1554663982.230292: There was a problem sending 280 bytes on socket 9: Broken pipe
1554663982.327951: There was a problem sending 309 bytes on socket 9: Broken pipe
1554663982.398775: There was a problem sending 309 bytes on socket 9: Broken pipe
1554663982.472244: There was a problem sending 269 bytes on socket 9: Broken pipe
1554663982.472824: There was a problem sending 5326 bytes on socket 9: Broken pipe
1554663982.473130: There was a problem sending 269 bytes on socket 9: Broken pipe
1554663982.477746: There was a problem sending 179 bytes on socket 9: Broken pipe
AH00558: apache2: Could not reliably determine the server's fully qualified domain name, using 172.20.0.5. Set the 'ServerName' directive globally to suppress this message
[Sun Apr 07 19:17:25.927449 2019] [mpm_prefork:notice] [pid 7] AH00163: Apache/2.4.25 (Debian) PHP/7.1.20 configured -- resuming normal operations
[Sun Apr 07 19:17:25.928735 2019] [core:notice] [pid 7] AH00094: Command line: '/usr/sbin/apache2 -D FOREGROUND'
AH00558: apache2: Could not reliably determine the server's fully qualified domain name, using 172.20.0.5. Set the 'ServerName' directive globally to suppress this message
[Sun Apr 07 22:05:54.350072 2019] [mpm_prefork:notice] [pid 7] AH00163: Apache/2.4.25 (Debian) PHP/7.1.20 configured -- resuming normal operations
[Sun Apr 07 22:05:54.350634 2019] [core:notice] [pid 7] AH00094: Command line: '/usr/sbin/apache2 -D FOREGROUND'
AH00558: apache2: Could not reliably determine the server's fully qualified domain name, using 172.20.0.5. Set the 'ServerName' directive globally to suppress this message
Failed loading /usr/local/lib/php/extensions/xdebug.so:  /usr/local/lib/php/extensions/xdebug.so: cannot open shared object file: No such file or directory
[Sun Apr 07 22:41:17.979091 2019] [mpm_prefork:notice] [pid 1] AH00163: Apache/2.4.25 (Debian) PHP/7.1.28 configured -- resuming normal operations
[Sun Apr 07 22:41:17.979515 2019] [core:notice] [pid 1] AH00094: Command line: 'apache2 -D FOREGROUND'
[Sun Apr 07 22:46:26.658848 2019] [autoindex:error] [pid 20] [client 10.0.75.1:57438] AH01276: Cannot serve directory /var/www/html/: No matching DirectoryIndex (index.php,index.html) found, and server-generated directory index forbidden by Options directive
[Sun Apr 07 23:05:39.248472 2019] [mpm_prefork:notice] [pid 1] AH00169: caught SIGTERM, shutting down
AH00558: apache2: Could not reliably determine the server's fully qualified domain name, using 172.20.0.5. Set the 'ServerName' directive globally to suppress this message
Failed loading /usr/local/lib/php/extensions/xdebug.so:  /usr/local/lib/php/extensions/xdebug.so: cannot open shared object file: No such file or directory
[Sun Apr 07 23:11:55.839880 2019] [mpm_prefork:notice] [pid 1] AH00163: Apache/2.4.25 (Debian) PHP/7.1.28 configured -- resuming normal operations
[Sun Apr 07 23:11:55.840442 2019] [core:notice] [pid 1] AH00094: Command line: 'apache2 -D FOREGROUND'
[Sun Apr 07 23:17:20.179003 2019] [mpm_prefork:notice] [pid 1] AH00169: caught SIGTERM, shutting down
AH00558: apache2: Could not reliably determine the server's fully qualified domain name, using 172.20.0.5. Set the 'ServerName' directive globally to suppress this message
[Sun Apr 07 23:18:33.461655 2019] [mpm_prefork:notice] [pid 1] AH00163: Apache/2.4.25 (Debian) PHP/7.1.28 configured -- resuming normal operations
[Sun Apr 07 23:18:33.462180 2019] [core:notice] [pid 1] AH00094: Command line: 'apache2 -D FOREGROUND'
[Sun Apr 07 23:25:35.950956 2019] [mpm_prefork:notice] [pid 1] AH00169: caught SIGTERM, shutting down
AH00558: apache2: Could not reliably determine the server's fully qualified domain name, using 172.20.0.5. Set the 'ServerName' directive globally to suppress this message
[Sun Apr 07 23:25:38.521992 2019] [mpm_prefork:notice] [pid 1] AH00163: Apache/2.4.25 (Debian) PHP/7.1.28 configured -- resuming normal operations
[Sun Apr 07 23:25:38.522360 2019] [core:notice] [pid 1] AH00094: Command line: 'apache2 -D FOREGROUND'
[Mon Apr 08 01:17:05.227917 2019] [mpm_prefork:notice] [pid 1] AH00169: caught SIGTERM, shutting down
AH00558: apache2: Could not reliably determine the server's fully qualified domain name, using 172.20.0.5. Set the 'ServerName' directive globally to suppress this message
[Tue Apr 09 13:45:59.838064 2019] [mpm_prefork:notice] [pid 1] AH00163: Apache/2.4.25 (Debian) PHP/7.1.28 configured -- resuming normal operations
[Tue Apr 09 13:45:59.838425 2019] [core:notice] [pid 1] AH00094: Command line: 'apache2 -D FOREGROUND'
AH00558: apache2: Could not reliably determine the server's fully qualified domain name, using 172.20.0.5. Set the 'ServerName' directive globally to suppress this message
[Wed Apr 10 10:40:45.753132 2019] [mpm_prefork:notice] [pid 1] AH00163: Apache/2.4.25 (Debian) PHP/7.1.28 configured -- resuming normal operations
[Wed Apr 10 10:40:45.753467 2019] [core:notice] [pid 1] AH00094: Command line: 'apache2 -D FOREGROUND'
AH00558: apache2: Could not reliably determine the server's fully qualified domain name, using 172.20.0.5. Set the 'ServerName' directive globally to suppress this message
[Thu Apr 11 07:48:45.159080 2019] [mpm_prefork:notice] [pid 7] AH00163: Apache/2.4.25 (Debian) PHP/7.1.20 configured -- resuming normal operations
[Thu Apr 11 07:48:45.159663 2019] [core:notice] [pid 7] AH00094: Command line: '/usr/sbin/apache2 -D FOREGROUND'
AH00558: apache2: Could not reliably determine the server's fully qualified domain name, using 172.20.0.5. Set the 'ServerName' directive globally to suppress this message
[Thu Apr 11 07:57:37.543075 2019] [mpm_prefork:notice] [pid 1] AH00163: Apache/2.4.25 (Debian) PHP/7.1.28 configured -- resuming normal operations
[Thu Apr 11 07:57:37.543715 2019] [core:notice] [pid 1] AH00094: Command line: 'apache2 -D FOREGROUND'
[Thu Apr 11 21:47:24.732081 2019] [mpm_prefork:notice] [pid 1] AH00169: caught SIGTERM, shutting down
AH00558: apache2: Could not reliably determine the server's fully qualified domain name, using 172.20.0.5. Set the 'ServerName' directive globally to suppress this message
[Thu Apr 11 21:47:27.486607 2019] [mpm_prefork:notice] [pid 7] AH00163: Apache/2.4.25 (Debian) PHP/7.1.20 configured -- resuming normal operations
[Thu Apr 11 21:47:27.487123 2019] [core:notice] [pid 7] AH00094: Command line: '/usr/sbin/apache2 -D FOREGROUND'
AH00558: apache2: Could not reliably determine the server's fully qualified domain name, using 172.20.0.5. Set the 'ServerName' directive globally to suppress this message
[Thu Apr 11 22:10:23.233650 2019] [mpm_prefork:notice] [pid 1] AH00163: Apache/2.4.25 (Debian) PHP/7.1.28 configured -- resuming normal operations
[Thu Apr 11 22:10:23.234386 2019] [core:notice] [pid 1] AH00094: Command line: 'apache2 -D FOREGROUND'
AH00558: apache2: Could not reliably determine the server's fully qualified domain name, using 172.20.0.5. Set the 'ServerName' directive globally to suppress this message
[Thu Apr 11 22:17:12.997590 2019] [mpm_prefork:notice] [pid 1] AH00163: Apache/2.4.25 (Debian) PHP/7.1.28 configured -- resuming normal operations
[Thu Apr 11 22:17:12.997918 2019] [core:notice] [pid 1] AH00094: Command line: 'apache2 -D FOREGROUND'
AH00558: apache2: Could not reliably determine the server's fully qualified domain name, using 172.20.0.5. Set the 'ServerName' directive globally to suppress this message
[Fri Apr 12 07:39:13.887532 2019] [mpm_prefork:notice] [pid 1] AH00163: Apache/2.4.25 (Debian) PHP/7.1.28 configured -- resuming normal operations
[Fri Apr 12 07:39:13.888174 2019] [core:notice] [pid 1] AH00094: Command line: 'apache2 -D FOREGROUND'
[Fri Apr 12 19:05:13.372521 2019] [autoindex:error] [pid 24] [client 10.0.75.1:64087] AH01276: Cannot serve directory /var/www/html/doika/doika/: No matching DirectoryIndex (index.php,index.html) found, and server-generated directory index forbidden by Options directive
[Fri Apr 12 19:05:13.446862 2019] [autoindex:error] [pid 24] [client 10.0.75.1:64087] AH01276: Cannot serve directory /var/www/html/doika/doika/: No matching DirectoryIndex (index.php,index.html) found, and server-generated directory index forbidden by Options directive
[Fri Apr 12 19:18:30.761426 2019] [mpm_prefork:notice] [pid 1] AH00169: caught SIGTERM, shutting down
AH00558: apache2: Could not reliably determine the server's fully qualified domain name, using 172.20.0.4. Set the 'ServerName' directive globally to suppress this message
[Fri Apr 12 19:22:23.437770 2019] [mpm_prefork:notice] [pid 1] AH00163: Apache/2.4.25 (Debian) PHP/7.1.28 configured -- resuming normal operations
[Fri Apr 12 19:22:23.438402 2019] [core:notice] [pid 1] AH00094: Command line: 'apache2 -D FOREGROUND'
AH00558: apache2: Could not reliably determine the server's fully qualified domain name, using 172.20.0.4. Set the 'ServerName' directive globally to suppress this message
[Sun Apr 14 09:37:52.066676 2019] [mpm_prefork:notice] [pid 1] AH00163: Apache/2.4.25 (Debian) PHP/7.1.28 configured -- resuming normal operations
[Sun Apr 14 09:37:52.071099 2019] [core:notice] [pid 1] AH00094: Command line: 'apache2 -D FOREGROUND'
[Sun Apr 14 09:47:06.827498 2019] [mpm_prefork:notice] [pid 1] AH00169: caught SIGTERM, shutting down
AH00558: apache2: Could not reliably determine the server's fully qualified domain name, using 172.20.0.3. Set the 'ServerName' directive globally to suppress this message
[Sun Apr 14 10:02:47.197532 2019] [mpm_prefork:notice] [pid 1] AH00163: Apache/2.4.25 (Debian) PHP/7.1.28 configured -- resuming normal operations
[Sun Apr 14 10:02:47.197793 2019] [core:notice] [pid 1] AH00094: Command line: 'apache2 -D FOREGROUND'
AH00558: apache2: Could not reliably determine the server's fully qualified domain name, using 172.20.0.5. Set the 'ServerName' directive globally to suppress this message
[Sun Apr 14 15:16:28.940439 2019] [mpm_prefork:notice] [pid 1] AH00163: Apache/2.4.25 (Debian) PHP/7.1.28 configured -- resuming normal operations
[Sun Apr 14 15:16:28.940686 2019] [core:notice] [pid 1] AH00094: Command line: 'apache2 -D FOREGROUND'
[Sun Apr 14 15:59:37.787689 2019] [mpm_prefork:notice] [pid 1] AH00169: caught SIGTERM, shutting down
AH00558: apache2: Could not reliably determine the server's fully qualified domain name, using 172.20.0.5. Set the 'ServerName' directive globally to suppress this message
[Sun Apr 14 16:00:03.966859 2019] [mpm_prefork:notice] [pid 1] AH00163: Apache/2.4.25 (Debian) PHP/7.1.28 configured -- resuming normal operations
[Sun Apr 14 16:00:03.967145 2019] [core:notice] [pid 1] AH00094: Command line: 'apache2 -D FOREGROUND'
AH00558: apache2: Could not reliably determine the server's fully qualified domain name, using 172.20.0.4. Set the 'ServerName' directive globally to suppress this message
[Sun Apr 14 16:10:47.858017 2019] [mpm_prefork:notice] [pid 1] AH00163: Apache/2.4.25 (Debian) PHP/7.1.28 configured -- resuming normal operations
[Sun Apr 14 16:10:47.858617 2019] [core:notice] [pid 1] AH00094: Command line: 'apache2 -D FOREGROUND'
AH00558: apache2: Could not reliably determine the server's fully qualified domain name, using 172.20.0.6. Set the 'ServerName' directive globally to suppress this message
[Mon Apr 15 08:04:13.249340 2019] [mpm_prefork:notice] [pid 1] AH00163: Apache/2.4.25 (Debian) PHP/7.1.28 configured -- resuming normal operations
[Mon Apr 15 08:04:13.250217 2019] [core:notice] [pid 1] AH00094: Command line: 'apache2 -D FOREGROUND'
AH00558: apache2: Could not reliably determine the server's fully qualified domain name, using 172.20.0.3. Set the 'ServerName' directive globally to suppress this message
[Tue Apr 16 16:58:21.932551 2019] [mpm_prefork:notice] [pid 1] AH00163: Apache/2.4.25 (Debian) PHP/7.1.28 configured -- resuming normal operations
[Tue Apr 16 16:58:21.932824 2019] [core:notice] [pid 1] AH00094: Command line: 'apache2 -D FOREGROUND'
There was a problem sending 213 bytes on socket 9: Broken pipeThere was a problem sending 212 bytes on socket 9: Broken pipeAH00558: apache2: Could not reliably determine the server's fully qualified domain name, using 172.20.0.6. Set the 'ServerName' directive globally to suppress this message
[Fri Apr 19 11:55:12.909476 2019] [mpm_prefork:notice] [pid 1] AH00163: Apache/2.4.25 (Debian) PHP/7.1.28 configured -- resuming normal operations
[Fri Apr 19 11:55:12.909812 2019] [core:notice] [pid 1] AH00094: Command line: 'apache2 -D FOREGROUND'
[Fri Apr 19 12:04:38.593064 2019] [core:notice] [pid 1] AH00052: child pid 19 exit signal Segmentation fault (11)
[Fri Apr 19 12:04:38.593593 2019] [mpm_prefork:notice] [pid 1] AH00169: caught SIGTERM, shutting down
AH00558: apache2: Could not reliably determine the server's fully qualified domain name, using 172.20.0.5. Set the 'ServerName' directive globally to suppress this message
[Fri Apr 19 12:08:18.084771 2019] [mpm_prefork:notice] [pid 1] AH00163: Apache/2.4.25 (Debian) PHP/7.1.28 configured -- resuming normal operations
[Fri Apr 19 12:08:18.084815 2019] [core:notice] [pid 1] AH00094: Command line: 'apache2 -D FOREGROUND'
[Fri Apr 19 21:14:47.561051 2019] [mpm_prefork:notice] [pid 1] AH00169: caught SIGTERM, shutting down
AH00558: apache2: Could not reliably determine the server's fully qualified domain name, using 172.20.0.5. Set the 'ServerName' directive globally to suppress this message
[Fri Apr 19 21:14:50.244533 2019] [mpm_prefork:notice] [pid 1] AH00163: Apache/2.4.25 (Debian) PHP/7.1.28 configured -- resuming normal operations
[Fri Apr 19 21:14:50.244831 2019] [core:notice] [pid 1] AH00094: Command line: 'apache2 -D FOREGROUND'
[Fri Apr 19 22:53:00.732633 2019] [mpm_prefork:notice] [pid 1] AH00169: caught SIGTERM, shutting down
AH00558: apache2: Could not reliably determine the server's fully qualified domain name, using 172.20.0.5. Set the 'ServerName' directive globally to suppress this message
[Fri Apr 19 22:53:02.805671 2019] [mpm_prefork:notice] [pid 1] AH00163: Apache/2.4.25 (Debian) PHP/7.1.28 configured -- resuming normal operations
[Fri Apr 19 22:53:02.806162 2019] [core:notice] [pid 1] AH00094: Command line: 'apache2 -D FOREGROUND'
AH00558: apache2: Could not reliably determine the server's fully qualified domain name, using 172.20.0.3. Set the 'ServerName' directive globally to suppress this message
[Sat Apr 20 07:48:44.000827 2019] [mpm_prefork:notice] [pid 1] AH00163: Apache/2.4.25 (Debian) PHP/7.1.28 configured -- resuming normal operations
[Sat Apr 20 07:48:44.002730 2019] [core:notice] [pid 1] AH00094: Command line: 'apache2 -D FOREGROUND'
AH00558: apache2: Could not reliably determine the server's fully qualified domain name, using 172.20.0.3. Set the 'ServerName' directive globally to suppress this message
[Sun Apr 28 08:38:00.073901 2019] [mpm_prefork:notice] [pid 1] AH00163: Apache/2.4.25 (Debian) PHP/7.1.28 configured -- resuming normal operations
[Sun Apr 28 08:38:00.075178 2019] [core:notice] [pid 1] AH00094: Command line: 'apache2 -D FOREGROUND'
AH00558: apache2: Could not reliably determine the server's fully qualified domain name, using 172.20.0.5. Set the 'ServerName' directive globally to suppress this message
[Mon Apr 29 12:49:30.744805 2019] [mpm_prefork:notice] [pid 1] AH00163: Apache/2.4.25 (Debian) PHP/7.1.28 configured -- resuming normal operations
[Mon Apr 29 12:49:30.745088 2019] [core:notice] [pid 1] AH00094: Command line: 'apache2 -D FOREGROUND'
AH00558: apache2: Could not reliably determine the server's fully qualified domain name, using 172.20.0.4. Set the 'ServerName' directive globally to suppress this message
[Wed May 01 11:15:44.617940 2019] [mpm_prefork:notice] [pid 1] AH00163: Apache/2.4.25 (Debian) PHP/7.1.28 configured -- resuming normal operations
[Wed May 01 11:15:44.618992 2019] [core:notice] [pid 1] AH00094: Command line: 'apache2 -D FOREGROUND'
AH00558: apache2: Could not reliably determine the server's fully qualified domain name, using 172.20.0.3. Set the 'ServerName' directive globally to suppress this message
[Wed May 08 10:39:23.281263 2019] [mpm_prefork:notice] [pid 1] AH00163: Apache/2.4.25 (Debian) PHP/7.1.28 configured -- resuming normal operations
[Wed May 08 10:39:23.285018 2019] [core:notice] [pid 1] AH00094: Command line: 'apache2 -D FOREGROUND'
[Wed May 08 18:18:33.435155 2019] [core:notice] [pid 1] AH00052: child pid 19 exit signal Segmentation fault (11)
[Wed May 08 18:18:33.501270 2019] [core:notice] [pid 1] AH00052: child pid 20 exit signal Segmentation fault (11)
[Wed May 08 18:18:33.501600 2019] [core:notice] [pid 1] AH00052: child pid 29 exit signal Segmentation fault (11)
[Wed May 08 18:18:33.502894 2019] [mpm_prefork:notice] [pid 1] AH00169: caught SIGTERM, shutting down
AH00558: apache2: Could not reliably determine the server's fully qualified domain name, using 172.20.0.3. Set the 'ServerName' directive globally to suppress this message
[Thu May 09 19:06:29.346625 2019] [mpm_prefork:notice] [pid 1] AH00163: Apache/2.4.25 (Debian) PHP/7.1.28 configured -- resuming normal operations
[Thu May 09 19:06:29.346661 2019] [core:notice] [pid 1] AH00094: Command line: 'apache2 -D FOREGROUND'
AH00558: apache2: Could not reliably determine the server's fully qualified domain name, using 172.20.0.4. Set the 'ServerName' directive globally to suppress this message
[Fri May 10 09:57:46.125992 2019] [mpm_prefork:notice] [pid 1] AH00163: Apache/2.4.25 (Debian) PHP/7.1.28 configured -- resuming normal operations
[Fri May 10 09:57:46.126410 2019] [core:notice] [pid 1] AH00094: Command line: 'apache2 -D FOREGROUND'
[Fri May 10 14:03:54.052535 2019] [core:notice] [pid 1] AH00052: child pid 16 exit signal Segmentation fault (11)
[Fri May 10 14:03:54.052921 2019] [core:notice] [pid 1] AH00052: child pid 19 exit signal Segmentation fault (11)
[Fri May 10 14:03:54.053099 2019] [core:notice] [pid 1] AH00052: child pid 21 exit signal Segmentation fault (11)
[Fri May 10 14:03:54.053306 2019] [core:notice] [pid 1] AH00052: child pid 26 exit signal Segmentation fault (11)
[Fri May 10 14:03:54.053451 2019] [core:notice] [pid 1] AH00052: child pid 28 exit signal Segmentation fault (11)
[Fri May 10 14:03:54.053586 2019] [core:notice] [pid 1] AH00052: child pid 29 exit signal Segmentation fault (11)
[Fri May 10 14:03:54.053761 2019] [core:notice] [pid 1] AH00052: child pid 30 exit signal Segmentation fault (11)
[Fri May 10 14:03:54.054063 2019] [core:notice] [pid 1] AH00052: child pid 31 exit signal Segmentation fault (11)
[Fri May 10 14:03:54.054256 2019] [core:notice] [pid 1] AH00052: child pid 32 exit signal Segmentation fault (11)
[Fri May 10 14:03:54.054414 2019] [core:notice] [pid 1] AH00052: child pid 33 exit signal Segmentation fault (11)
[Fri May 10 14:03:54.054672 2019] [mpm_prefork:notice] [pid 1] AH00169: caught SIGTERM, shutting down
AH00558: apache2: Could not reliably determine the server's fully qualified domain name, using 172.20.0.6. Set the 'ServerName' directive globally to suppress this message
[Fri May 10 14:04:36.960334 2019] [mpm_prefork:notice] [pid 1] AH00163: Apache/2.4.25 (Debian) PHP/7.1.28 configured -- resuming normal operations
[Fri May 10 14:04:36.960575 2019] [core:notice] [pid 1] AH00094: Command line: 'apache2 -D FOREGROUND'
There was a problem sending 328 bytes on socket 9: Broken pipeThere was a problem sending 208 bytes on socket 9: Broken pipeThere was a problem sending 223 bytes on socket 9: Broken pipeThere was a problem sending 213 bytes on socket 9: Broken pipeThere was a problem sending 16478 bytes on socket 9: Broken pipeThere was a problem sending 319 bytes on socket 9: Broken pipeThere was a problem sending 223 bytes on socket 9: Broken pipeAH00558: apache2: Could not reliably determine the server's fully qualified domain name, using 172.20.0.5. Set the 'ServerName' directive globally to suppress this message
[Sat May 11 21:25:44.796645 2019] [mpm_prefork:notice] [pid 1] AH00163: Apache/2.4.25 (Debian) PHP/7.1.28 configured -- resuming normal operations
[Sat May 11 21:25:44.798983 2019] [core:notice] [pid 1] AH00094: Command line: 'apache2 -D FOREGROUND'
There was a problem sending 260 bytes on socket 9: Broken pipeThere was a problem sending 319 bytes on socket 9: Broken pipeThere was a problem sending 223 bytes on socket 9: Broken pipeThere was a problem sending 312 bytes on socket 9: Broken pipeThere was a problem sending 319 bytes on socket 9: Broken pipeThere was a problem sending 312 bytes on socket 9: Broken pipeThere was a problem sending 312 bytes on socket 9: Broken pipeThere was a problem sending 252 bytes on socket 9: Broken pipeThere was a problem sending 223 bytes on socket 9: Broken pipeThere was a problem sending 319 bytes on socket 9: Broken pipeThere was a problem sending 319 bytes on socket 9: Broken pipeThere was a problem sending 223 bytes on socket 9: Broken pipeThere was a problem sending 319 bytes on socket 9: Broken pipeThere was a problem sending 252 bytes on socket 9: Broken pipeThere was a problem sending 223 bytes on socket 9: Broken pipeThere was a problem sending 260 bytes on socket 9: Broken pipeThere was a problem sending 223 bytes on socket 9: Broken pipeThere was a problem sending 319 bytes on socket 9: Broken pipeThere was a problem sending 319 bytes on socket 9: Broken pipeThere was a problem sending 223 bytes on socket 9: Broken pipeThere was a problem sending 260 bytes on socket 9: Broken pipeThere was a problem sending 223 bytes on socket 9: Broken pipeThere was a problem sending 252 bytes on socket 9: Broken pipeThere was a problem sending 319 bytes on socket 9: Broken pipeThere was a problem sending 223 bytes on socket 9: Broken pipeThere was a problem sending 319 bytes on socket 9: Broken pipeThere was a problem sending 223 bytes on socket 9: Broken pipeAH00558: apache2: Could not reliably determine the server's fully qualified domain name, using 172.20.0.4. Set the 'ServerName' directive globally to suppress this message
[Mon May 13 18:57:14.606451 2019] [mpm_prefork:notice] [pid 1] AH00163: Apache/2.4.25 (Debian) PHP/7.1.28 configured -- resuming normal operations
[Mon May 13 18:57:14.607192 2019] [core:notice] [pid 1] AH00094: Command line: 'apache2 -D FOREGROUND'
AH00558: apache2: Could not reliably determine the server's fully qualified domain name, using 172.20.0.3. Set the 'ServerName' directive globally to suppress this message
[Tue May 14 18:01:50.240148 2019] [mpm_prefork:notice] [pid 1] AH00163: Apache/2.4.25 (Debian) PHP/7.1.28 configured -- resuming normal operations
[Tue May 14 18:01:50.240734 2019] [core:notice] [pid 1] AH00094: Command line: 'apache2 -D FOREGROUND'
AH00558: apache2: Could not reliably determine the server's fully qualified domain name, using 172.20.0.6. Set the 'ServerName' directive globally to suppress this message
[Thu May 16 19:07:42.846841 2019] [mpm_prefork:notice] [pid 1] AH00163: Apache/2.4.25 (Debian) PHP/7.1.28 configured -- resuming normal operations
[Thu May 16 19:07:42.853091 2019] [core:notice] [pid 1] AH00094: Command line: 'apache2 -D FOREGROUND'
[Thu May 16 22:03:02.189808 2019] [autoindex:error] [pid 24] [client 172.20.0.1:56538] AH01276: Cannot serve directory /var/www/html/: No matching DirectoryIndex (index.php,index.html) found, and server-generated directory index forbidden by Options directive, referer: http://localhost:4040/inspect/http
AH00558: apache2: Could not reliably determine the server's fully qualified domain name, using 172.20.0.4. Set the 'ServerName' directive globally to suppress this message
[Fri May 17 06:26:32.586246 2019] [mpm_prefork:notice] [pid 1] AH00163: Apache/2.4.25 (Debian) PHP/7.1.28 configured -- resuming normal operations
[Fri May 17 06:26:32.586688 2019] [core:notice] [pid 1] AH00094: Command line: 'apache2 -D FOREGROUND'
AH00558: apache2: Could not reliably determine the server's fully qualified domain name, using 172.20.0.3. Set the 'ServerName' directive globally to suppress this message
[Fri May 24 19:29:51.626624 2019] [mpm_prefork:notice] [pid 1] AH00163: Apache/2.4.25 (Debian) PHP/7.1.28 configured -- resuming normal operations
[Fri May 24 19:29:51.627763 2019] [core:notice] [pid 1] AH00094: Command line: 'apache2 -D FOREGROUND'
AH00558: apache2: Could not reliably determine the server's fully qualified domain name, using 172.20.0.3. Set the 'ServerName' directive globally to suppress this message
[Sun May 26 19:39:03.678756 2019] [mpm_prefork:notice] [pid 1] AH00163: Apache/2.4.25 (Debian) PHP/7.1.28 configured -- resuming normal operations
[Sun May 26 19:39:03.680784 2019] [core:notice] [pid 1] AH00094: Command line: 'apache2 -D FOREGROUND'
[Mon May 27 04:19:23.229365 2019] [autoindex:error] [pid 35] [client 172.20.0.1:43466] AH01276: Cannot serve directory /var/www/html/: No matching DirectoryIndex (index.php,index.html) found, and server-generated directory index forbidden by Options directive
AH00558: apache2: Could not reliably determine the server's fully qualified domain name, using 172.20.0.3. Set the 'ServerName' directive globally to suppress this message
[Sun Jun 02 08:30:06.736020 2019] [mpm_prefork:notice] [pid 1] AH00163: Apache/2.4.25 (Debian) PHP/7.1.28 configured -- resuming normal operations
[Sun Jun 02 08:30:06.736053 2019] [core:notice] [pid 1] AH00094: Command line: 'apache2 -D FOREGROUND'
[Sun Jun 02 10:39:36.772660 2019] [mpm_prefork:notice] [pid 1] AH00169: caught SIGTERM, shutting down
AH00558: apache2: Could not reliably determine the server's fully qualified domain name, using 172.20.0.6. Set the 'ServerName' directive globally to suppress this message
[Sun Jun 02 10:40:34.398735 2019] [mpm_prefork:notice] [pid 1] AH00163: Apache/2.4.25 (Debian) PHP/7.1.28 configured -- resuming normal operations
[Sun Jun 02 10:40:34.399019 2019] [core:notice] [pid 1] AH00094: Command line: 'apache2 -D FOREGROUND'
AH00558: apache2: Could not reliably determine the server's fully qualified domain name, using 172.20.0.3. Set the 'ServerName' directive globally to suppress this message
[Sun Jun 02 10:44:35.700582 2019] [mpm_prefork:notice] [pid 1] AH00163: Apache/2.4.25 (Debian) PHP/7.1.28 configured -- resuming normal operations
[Sun Jun 02 10:44:35.701879 2019] [core:notice] [pid 1] AH00094: Command line: 'apache2 -D FOREGROUND'
[Sun Jun 02 10:59:32.866428 2019] [mpm_prefork:notice] [pid 1] AH00169: caught SIGTERM, shutting down
AH00558: apache2: Could not reliably determine the server's fully qualified domain name, using 172.20.0.6. Set the 'ServerName' directive globally to suppress this message
[Sun Jun 02 11:04:15.537751 2019] [mpm_prefork:notice] [pid 1] AH00163: Apache/2.4.25 (Debian) PHP/7.1.28 configured -- resuming normal operations
[Sun Jun 02 11:04:15.538137 2019] [core:notice] [pid 1] AH00094: Command line: 'apache2 -D FOREGROUND'
[Sun Jun 02 13:52:36.223864 2019] [autoindex:error] [pid 29] [client 172.20.0.1:60328] AH01276: Cannot serve directory /var/www/html/: No matching DirectoryIndex (index.php,index.html) found, and server-generated directory index forbidden by Options directive
AH00558: apache2: Could not reliably determine the server's fully qualified domain name, using 172.20.0.4. Set the 'ServerName' directive globally to suppress this message
[Mon Jun 03 06:57:27.053512 2019] [mpm_prefork:notice] [pid 1] AH00163: Apache/2.4.25 (Debian) PHP/7.1.28 configured -- resuming normal operations
[Mon Jun 03 06:57:27.053986 2019] [core:notice] [pid 1] AH00094: Command line: 'apache2 -D FOREGROUND'
[Mon Jun 03 07:06:37.489558 2019] [autoindex:error] [pid 16] [client 172.20.0.1:48572] AH01276: Cannot serve directory /var/www/html/: No matching DirectoryIndex (index.php,index.html) found, and server-generated directory index forbidden by Options directive
AH00558: apache2: Could not reliably determine the server's fully qualified domain name, using 172.20.0.3. Set the 'ServerName' directive globally to suppress this message
[Wed Jun 05 08:14:34.680955 2019] [mpm_prefork:notice] [pid 1] AH00163: Apache/2.4.25 (Debian) PHP/7.1.28 configured -- resuming normal operations
[Wed Jun 05 08:14:34.681318 2019] [core:notice] [pid 1] AH00094: Command line: 'apache2 -D FOREGROUND'
[Wed Jun 05 08:36:49.218885 2019] [autoindex:error] [pid 17] [client 172.20.0.1:43040] AH01276: Cannot serve directory /var/www/html/: No matching DirectoryIndex (index.php,index.html) found, and server-generated directory index forbidden by Options directive
[Wed Jun 05 11:02:04.010464 2019] [autoindex:error] [pid 16] [client 172.20.0.1:43322] AH01276: Cannot serve directory /var/www/html/: No matching DirectoryIndex (index.php,index.html) found, and server-generated directory index forbidden by Options directive
AH00558: apache2: Could not reliably determine the server's fully qualified domain name, using 172.20.0.4. Set the 'ServerName' directive globally to suppress this message
[Sat Jun 22 06:57:55.054190 2019] [mpm_prefork:notice] [pid 1] AH00163: Apache/2.4.25 (Debian) PHP/7.1.28 configured -- resuming normal operations
[Sat Jun 22 06:57:55.054805 2019] [core:notice] [pid 1] AH00094: Command line: 'apache2 -D FOREGROUND'
AH00558: apache2: Could not reliably determine the server's fully qualified domain name, using 172.20.0.3. Set the 'ServerName' directive globally to suppress this message
[Fri Jul 12 11:38:36.348145 2019] [mpm_prefork:notice] [pid 1] AH00163: Apache/2.4.25 (Debian) PHP/7.1.28 configured -- resuming normal operations
[Fri Jul 12 11:38:36.348193 2019] [core:notice] [pid 1] AH00094: Command line: 'apache2 -D FOREGROUND'
[Fri Jul 12 12:54:02.251371 2019] [autoindex:error] [pid 18] [client 172.20.0.1:47106] AH01276: Cannot serve directory /var/www/html/: No matching DirectoryIndex (index.php,index.html) found, and server-generated directory index forbidden by Options directive
AH00558: apache2: Could not reliably determine the server's fully qualified domain name, using 172.20.0.3. Set the 'ServerName' directive globally to suppress this message
[Sun Jul 14 15:31:34.532636 2019] [mpm_prefork:notice] [pid 1] AH00163: Apache/2.4.25 (Debian) PHP/7.1.28 configured -- resuming normal operations
[Sun Jul 14 15:31:34.533177 2019] [core:notice] [pid 1] AH00094: Command line: 'apache2 -D FOREGROUND'
[Sun Jul 14 16:29:47.043457 2019] [autoindex:error] [pid 17] [client 172.20.0.1:55712] AH01276: Cannot serve directory /var/www/html/: No matching DirectoryIndex (index.php,index.html) found, and server-generated directory index forbidden by Options directive
[Sun Jul 14 16:44:22.326348 2019] [autoindex:error] [pid 19] [client 172.20.0.1:56212] AH01276: Cannot serve directory /var/www/html/: No matching DirectoryIndex (index.php,index.html) found, and server-generated directory index forbidden by Options directive, referer: http://localhost:4040/inspect/http
[Sun Jul 14 17:45:31.878347 2019] [autoindex:error] [pid 22] [client 172.20.0.1:57594] AH01276: Cannot serve directory /var/www/html/: No matching DirectoryIndex (index.php,index.html) found, and server-generated directory index forbidden by Options directive, referer: http://localhost:4040/inspect/http
AH00558: apache2: Could not reliably determine the server's fully qualified domain name, using 172.20.0.5. Set the 'ServerName' directive globally to suppress this message
[Mon Jul 15 07:39:38.052344 2019] [mpm_prefork:notice] [pid 1] AH00163: Apache/2.4.25 (Debian) PHP/7.1.28 configured -- resuming normal operations
[Mon Jul 15 07:39:38.054746 2019] [core:notice] [pid 1] AH00094: Command line: 'apache2 -D FOREGROUND'
AH00558: apache2: Could not reliably determine the server's fully qualified domain name, using 172.20.0.5. Set the 'ServerName' directive globally to suppress this message
[Tue Jul 16 06:17:03.434820 2019] [mpm_prefork:notice] [pid 1] AH00163: Apache/2.4.25 (Debian) PHP/7.1.28 configured -- resuming normal operations
[Tue Jul 16 06:17:03.435281 2019] [core:notice] [pid 1] AH00094: Command line: 'apache2 -D FOREGROUND'
AH00558: apache2: Could not reliably determine the server's fully qualified domain name, using 172.20.0.5. Set the 'ServerName' directive globally to suppress this message
[Wed Jul 17 12:17:51.921320 2019] [mpm_prefork:notice] [pid 1] AH00163: Apache/2.4.25 (Debian) PHP/7.1.28 configured -- resuming normal operations
[Wed Jul 17 12:17:51.921705 2019] [core:notice] [pid 1] AH00094: Command line: 'apache2 -D FOREGROUND'
AH00558: apache2: Could not reliably determine the server's fully qualified domain name, using 172.20.0.4. Set the 'ServerName' directive globally to suppress this message
[Thu Jul 18 05:36:40.353976 2019] [mpm_prefork:notice] [pid 1] AH00163: Apache/2.4.25 (Debian) PHP/7.1.28 configured -- resuming normal operations
[Thu Jul 18 05:36:40.360379 2019] [core:notice] [pid 1] AH00094: Command line: 'apache2 -D FOREGROUND'
[Thu Jul 18 05:40:32.022113 2019] [autoindex:error] [pid 19] [client 172.20.0.1:56030] AH01276: Cannot serve directory /var/www/html/: No matching DirectoryIndex (index.php,index.html) found, and server-generated directory index forbidden by Options directive
AH00558: apache2: Could not reliably determine the server's fully qualified domain name, using 172.20.0.3. Set the 'ServerName' directive globally to suppress this message
[Mon Jul 22 17:34:19.908019 2019] [mpm_prefork:notice] [pid 1] AH00163: Apache/2.4.25 (Debian) PHP/7.1.28 configured -- resuming normal operations
[Mon Jul 22 17:34:19.908649 2019] [core:notice] [pid 1] AH00094: Command line: 'apache2 -D FOREGROUND'
AH00558: apache2: Could not reliably determine the server's fully qualified domain name, using 172.20.0.4. Set the 'ServerName' directive globally to suppress this message
[Tue Jul 23 13:48:16.492578 2019] [mpm_prefork:notice] [pid 1] AH00163: Apache/2.4.25 (Debian) PHP/7.1.28 configured -- resuming normal operations
[Tue Jul 23 13:48:16.493104 2019] [core:notice] [pid 1] AH00094: Command line: 'apache2 -D FOREGROUND'
AH00558: apache2: Could not reliably determine the server's fully qualified domain name, using 172.20.0.2. Set the 'ServerName' directive globally to suppress this message
[Wed Jul 24 08:43:34.694171 2019] [mpm_prefork:notice] [pid 1] AH00163: Apache/2.4.25 (Debian) PHP/7.1.28 configured -- resuming normal operations
[Wed Jul 24 08:43:34.699045 2019] [core:notice] [pid 1] AH00094: Command line: 'apache2 -D FOREGROUND'
AH00558: apache2: Could not reliably determine the server's fully qualified domain name, using 172.20.0.3. Set the 'ServerName' directive globally to suppress this message
[Sun Jul 28 17:48:51.405006 2019] [mpm_prefork:notice] [pid 1] AH00163: Apache/2.4.25 (Debian) PHP/7.1.28 configured -- resuming normal operations
[Sun Jul 28 17:48:51.405273 2019] [core:notice] [pid 1] AH00094: Command line: 'apache2 -D FOREGROUND'
AH00558: apache2: Could not reliably determine the server's fully qualified domain name, using 172.20.0.4. Set the 'ServerName' directive globally to suppress this message
[Mon Jul 29 07:44:09.335916 2019] [mpm_prefork:notice] [pid 1] AH00163: Apache/2.4.25 (Debian) PHP/7.1.28 configured -- resuming normal operations
[Mon Jul 29 07:44:09.336620 2019] [core:notice] [pid 1] AH00094: Command line: 'apache2 -D FOREGROUND'
AH00558: apache2: Could not reliably determine the server's fully qualified domain name, using 172.20.0.4. Set the 'ServerName' directive globally to suppress this message
[Wed Jul 31 13:47:56.297198 2019] [mpm_prefork:notice] [pid 1] AH00163: Apache/2.4.25 (Debian) PHP/7.1.28 configured -- resuming normal operations
[Wed Jul 31 13:47:56.297824 2019] [core:notice] [pid 1] AH00094: Command line: 'apache2 -D FOREGROUND'
AH00558: apache2: Could not reliably determine the server's fully qualified domain name, using 172.20.0.3. Set the 'ServerName' directive globally to suppress this message
[Fri Aug 02 06:22:31.641347 2019] [mpm_prefork:notice] [pid 1] AH00163: Apache/2.4.25 (Debian) PHP/7.1.28 configured -- resuming normal operations
[Fri Aug 02 06:22:31.641773 2019] [core:notice] [pid 1] AH00094: Command line: 'apache2 -D FOREGROUND'
AH00558: apache2: Could not reliably determine the server's fully qualified domain name, using 172.20.0.3. Set the 'ServerName' directive globally to suppress this message
[Mon Aug 05 12:42:48.522904 2019] [mpm_prefork:notice] [pid 1] AH00163: Apache/2.4.25 (Debian) PHP/7.1.28 configured -- resuming normal operations
[Mon Aug 05 12:42:48.523815 2019] [core:notice] [pid 1] AH00094: Command line: 'apache2 -D FOREGROUND'
AH00558: apache2: Could not reliably determine the server's fully qualified domain name, using 172.20.0.5. Set the 'ServerName' directive globally to suppress this message
[Tue Aug 06 07:11:08.013710 2019] [mpm_prefork:notice] [pid 1] AH00163: Apache/2.4.25 (Debian) PHP/7.1.28 configured -- resuming normal operations
[Tue Aug 06 07:11:08.014040 2019] [core:notice] [pid 1] AH00094: Command line: 'apache2 -D FOREGROUND'
[Tue Aug 06 09:54:58.086608 2019] [php7:error] [pid 18] [client 172.20.0.1:36714] script '/var/www/html/_intellij_phpdebug_validator.php' not found or unable to stat
[Tue Aug 06 09:55:10.066865 2019] [autoindex:error] [pid 19] [client 172.20.0.1:36716] AH01276: Cannot serve directory /var/www/html/: No matching DirectoryIndex (index.php,index.html) found, and server-generated directory index forbidden by Options directive
AH00558: apache2: Could not reliably determine the server's fully qualified domain name, using 172.20.0.5. Set the 'ServerName' directive globally to suppress this message
[Wed Aug 07 08:38:22.831053 2019] [mpm_prefork:notice] [pid 1] AH00163: Apache/2.4.25 (Debian) PHP/7.1.28 configured -- resuming normal operations
[Wed Aug 07 08:38:22.831090 2019] [core:notice] [pid 1] AH00094: Command line: 'apache2 -D FOREGROUND'
[Wed Aug 07 14:24:57.075601 2019] [autoindex:error] [pid 18] [client 172.20.0.1:54760] AH01276: Cannot serve directory /var/www/html/: No matching DirectoryIndex (index.php,index.html) found, and server-generated directory index forbidden by Options directive
AH00558: apache2: Could not reliably determine the server's fully qualified domain name, using 172.20.0.4. Set the 'ServerName' directive globally to suppress this message
[Thu Aug 08 13:23:46.727964 2019] [mpm_prefork:notice] [pid 1] AH00163: Apache/2.4.25 (Debian) PHP/7.1.28 configured -- resuming normal operations
[Thu Aug 08 13:23:46.733043 2019] [core:notice] [pid 1] AH00094: Command line: 'apache2 -D FOREGROUND'
AH00558: apache2: Could not reliably determine the server's fully qualified domain name, using 172.20.0.4. Set the 'ServerName' directive globally to suppress this message
[Fri Aug 09 11:31:54.817600 2019] [mpm_prefork:notice] [pid 1] AH00163: Apache/2.4.25 (Debian) PHP/7.1.28 configured -- resuming normal operations
[Fri Aug 09 11:31:54.821654 2019] [core:notice] [pid 1] AH00094: Command line: 'apache2 -D FOREGROUND'
AH00558: apache2: Could not reliably determine the server's fully qualified domain name, using 172.20.0.3. Set the 'ServerName' directive globally to suppress this message
[Sun Aug 18 18:54:41.762970 2019] [mpm_prefork:notice] [pid 1] AH00163: Apache/2.4.25 (Debian) PHP/7.1.28 configured -- resuming normal operations
[Sun Aug 18 18:54:41.763371 2019] [core:notice] [pid 1] AH00094: Command line: 'apache2 -D FOREGROUND'
[Sun Aug 18 21:36:19.834100 2019] [mpm_prefork:notice] [pid 1] AH00169: caught SIGTERM, shutting down
AH00558: apache2: Could not reliably determine the server's fully qualified domain name, using 172.20.0.3. Set the 'ServerName' directive globally to suppress this message
[Mon Aug 19 17:04:34.365925 2019] [mpm_prefork:notice] [pid 1] AH00163: Apache/2.4.25 (Debian) PHP/7.1.28 configured -- resuming normal operations
[Mon Aug 19 17:04:34.366364 2019] [core:notice] [pid 1] AH00094: Command line: 'apache2 -D FOREGROUND'
[Tue Aug 20 15:15:43.395942 2019] [mpm_prefork:notice] [pid 1] AH00169: caught SIGTERM, shutting down
AH00558: apache2: Could not reliably determine the server's fully qualified domain name, using 172.20.0.6. Set the 'ServerName' directive globally to suppress this message
[Tue Aug 20 15:15:59.960532 2019] [mpm_prefork:notice] [pid 1] AH00163: Apache/2.4.25 (Debian) PHP/7.1.28 configured -- resuming normal operations
[Tue Aug 20 15:15:59.966254 2019] [core:notice] [pid 1] AH00094: Command line: 'apache2 -D FOREGROUND'
AH00558: apache2: Could not reliably determine the server's fully qualified domain name, using 172.20.0.4. Set the 'ServerName' directive globally to suppress this message
[Fri Aug 23 13:31:05.175692 2019] [mpm_prefork:notice] [pid 1] AH00163: Apache/2.4.25 (Debian) PHP/7.1.28 configured -- resuming normal operations
[Fri Aug 23 13:31:05.176486 2019] [core:notice] [pid 1] AH00094: Command line: 'apache2 -D FOREGROUND'
AH00558: apache2: Could not reliably determine the server's fully qualified domain name, using 172.20.0.5. Set the 'ServerName' directive globally to suppress this message
[Sat Aug 24 08:19:20.690190 2019] [mpm_prefork:notice] [pid 1] AH00163: Apache/2.4.25 (Debian) PHP/7.1.28 configured -- resuming normal operations
[Sat Aug 24 08:19:20.692472 2019] [core:notice] [pid 1] AH00094: Command line: 'apache2 -D FOREGROUND'
AH00558: apache2: Could not reliably determine the server's fully qualified domain name, using 172.20.0.4. Set the 'ServerName' directive globally to suppress this message
[Sun Aug 25 07:51:17.134797 2019] [mpm_prefork:notice] [pid 1] AH00163: Apache/2.4.25 (Debian) PHP/7.1.28 configured -- resuming normal operations
[Sun Aug 25 07:51:17.135102 2019] [core:notice] [pid 1] AH00094: Command line: 'apache2 -D FOREGROUND'
AH00558: apache2: Could not reliably determine the server's fully qualified domain name, using 172.20.0.5. Set the 'ServerName' directive globally to suppress this message
[Mon Aug 26 14:19:15.478569 2019] [mpm_prefork:notice] [pid 1] AH00163: Apache/2.4.25 (Debian) PHP/7.1.28 configured -- resuming normal operations
[Mon Aug 26 14:19:15.478986 2019] [core:notice] [pid 1] AH00094: Command line: 'apache2 -D FOREGROUND'
AH00558: apache2: Could not reliably determine the server's fully qualified domain name, using 172.20.0.5. Set the 'ServerName' directive globally to suppress this message
[Mon Sep 02 07:20:49.264442 2019] [mpm_prefork:notice] [pid 1] AH00163: Apache/2.4.25 (Debian) PHP/7.1.28 configured -- resuming normal operations
[Mon Sep 02 07:20:49.267357 2019] [core:notice] [pid 1] AH00094: Command line: 'apache2 -D FOREGROUND'
[Mon Sep 02 07:53:06.729635 2019] [mpm_prefork:notice] [pid 1] AH00169: caught SIGTERM, shutting down
AH00558: apache2: Could not reliably determine the server's fully qualified domain name, using 172.20.0.5. Set the 'ServerName' directive globally to suppress this message
[Mon Sep 02 12:42:45.299894 2019] [mpm_prefork:notice] [pid 1] AH00163: Apache/2.4.25 (Debian) PHP/7.1.28 configured -- resuming normal operations
[Mon Sep 02 12:42:45.300282 2019] [core:notice] [pid 1] AH00094: Command line: 'apache2 -D FOREGROUND'
[Mon Sep 02 13:07:43.911982 2019] [autoindex:error] [pid 16] [client 172.20.0.1:34474] AH01276: Cannot serve directory /var/www/html/: No matching DirectoryIndex (index.php,index.html) found, and server-generated directory index forbidden by Options directive
AH00558: apache2: Could not reliably determine the server's fully qualified domain name, using 172.19.0.4. Set the 'ServerName' directive globally to suppress this message
[Mon Sep 02 13:33:53.528315 2019] [mpm_prefork:notice] [pid 1] AH00163: Apache/2.4.25 (Debian) PHP/7.1.28 configured -- resuming normal operations
[Mon Sep 02 13:33:53.528746 2019] [core:notice] [pid 1] AH00094: Command line: 'apache2 -D FOREGROUND'
[Mon Sep 02 13:34:30.321149 2019] [autoindex:error] [pid 20] [client 172.19.0.1:41436] AH01276: Cannot serve directory /var/www/html/: No matching DirectoryIndex (index.php,index.html) found, and server-generated directory index forbidden by Options directive
[Mon Sep 02 13:35:03.652262 2019] [autoindex:error] [pid 17] [client 172.19.0.1:41536] AH01276: Cannot serve directory /var/www/html/: No matching DirectoryIndex (index.php,index.html) found, and server-generated directory index forbidden by Options directive
[Mon Sep 02 13:41:46.027056 2019] [mpm_prefork:notice] [pid 1] AH00169: caught SIGTERM, shutting down
AH00558: apache2: Could not reliably determine the server's fully qualified domain name, using 172.19.0.5. Set the 'ServerName' directive globally to suppress this message
[Mon Sep 02 13:41:48.164950 2019] [mpm_prefork:notice] [pid 1] AH00163: Apache/2.4.25 (Debian) PHP/7.1.28 configured -- resuming normal operations
[Mon Sep 02 13:41:48.165293 2019] [core:notice] [pid 1] AH00094: Command line: 'apache2 -D FOREGROUND'
[Mon Sep 02 13:46:15.315911 2019] [mpm_prefork:notice] [pid 1] AH00169: caught SIGTERM, shutting down
AH00558: apache2: Could not reliably determine the server's fully qualified domain name, using 172.21.0.5. Set the 'ServerName' directive globally to suppress this message
[Mon Sep 02 13:48:19.163927 2019] [mpm_prefork:notice] [pid 1] AH00163: Apache/2.4.25 (Debian) PHP/7.1.28 configured -- resuming normal operations
[Mon Sep 02 13:48:19.164239 2019] [core:notice] [pid 1] AH00094: Command line: 'apache2 -D FOREGROUND'
AH00558: apache2: Could not reliably determine the server's fully qualified domain name, using 172.21.0.4. Set the 'ServerName' directive globally to suppress this message
[Sat Sep 07 19:22:48.037955 2019] [mpm_prefork:notice] [pid 1] AH00163: Apache/2.4.25 (Debian) PHP/7.1.28 configured -- resuming normal operations
[Sat Sep 07 19:22:48.056331 2019] [core:notice] [pid 1] AH00094: Command line: 'apache2 -D FOREGROUND'
AH00558: apache2: Could not reliably determine the server's fully qualified domain name, using 172.21.0.5. Set the 'ServerName' directive globally to suppress this message
[Sun Sep 08 08:56:12.671755 2019] [mpm_prefork:notice] [pid 1] AH00163: Apache/2.4.25 (Debian) PHP/7.1.28 configured -- resuming normal operations
[Sun Sep 08 08:56:12.671790 2019] [core:notice] [pid 1] AH00094: Command line: 'apache2 -D FOREGROUND'
[Mon Sep 09 12:46:38.779827 2019] [mpm_prefork:notice] [pid 1] AH00169: caught SIGTERM, shutting down
AH00558: apache2: Could not reliably determine the server's fully qualified domain name, using 172.21.0.5. Set the 'ServerName' directive globally to suppress this message
[Mon Sep 09 15:28:38.578552 2019] [mpm_prefork:notice] [pid 1] AH00163: Apache/2.4.25 (Debian) PHP/7.1.28 configured -- resuming normal operations
[Mon Sep 09 15:28:38.582003 2019] [core:notice] [pid 1] AH00094: Command line: 'apache2 -D FOREGROUND'
[Tue Sep 10 06:01:54.621369 2019] [mpm_prefork:notice] [pid 1] AH00169: caught SIGTERM, shutting down
AH00558: apache2: Could not reliably determine the server's fully qualified domain name, using 172.21.0.5. Set the 'ServerName' directive globally to suppress this message
[Tue Sep 10 17:34:29.117783 2019] [mpm_prefork:notice] [pid 1] AH00163: Apache/2.4.25 (Debian) PHP/7.1.28 configured -- resuming normal operations
[Tue Sep 10 17:34:29.119678 2019] [core:notice] [pid 1] AH00094: Command line: 'apache2 -D FOREGROUND'
[Wed Sep 11 06:09:20.978943 2019] [mpm_prefork:notice] [pid 1] AH00169: caught SIGTERM, shutting down
AH00558: apache2: Could not reliably determine the server's fully qualified domain name, using 172.21.0.4. Set the 'ServerName' directive globally to suppress this message
[Sun Sep 15 05:44:01.051139 2019] [mpm_prefork:notice] [pid 1] AH00163: Apache/2.4.25 (Debian) PHP/7.1.28 configured -- resuming normal operations
[Sun Sep 15 05:44:01.060758 2019] [core:notice] [pid 1] AH00094: Command line: 'apache2 -D FOREGROUND'
[Mon Sep 16 12:31:50.384152 2019] [mpm_prefork:notice] [pid 1] AH00169: caught SIGTERM, shutting down
AH00558: apache2: Could not reliably determine the server's fully qualified domain name, using 172.21.0.4. Set the 'ServerName' directive globally to suppress this message
[Mon Sep 16 18:04:17.607221 2019] [mpm_prefork:notice] [pid 1] AH00163: Apache/2.4.25 (Debian) PHP/7.1.28 configured -- resuming normal operations
[Mon Sep 16 18:04:17.608992 2019] [core:notice] [pid 1] AH00094: Command line: 'apache2 -D FOREGROUND'
[Mon Sep 16 18:09:16.637280 2019] [mpm_prefork:notice] [pid 1] AH00169: caught SIGTERM, shutting down
AH00558: apache2: Could not reliably determine the server's fully qualified domain name, using 172.21.0.4. Set the 'ServerName' directive globally to suppress this message
[Mon Sep 16 18:09:43.916524 2019] [mpm_prefork:notice] [pid 1] AH00163: Apache/2.4.25 (Debian) PHP/7.1.28 configured -- resuming normal operations
[Mon Sep 16 18:09:43.917011 2019] [core:notice] [pid 1] AH00094: Command line: 'apache2 -D FOREGROUND'
AH00558: apache2: Could not reliably determine the server's fully qualified domain name, using 172.21.0.4. Set the 'ServerName' directive globally to suppress this message
[Mon Sep 16 18:33:29.140949 2019] [mpm_prefork:notice] [pid 1] AH00163: Apache/2.4.25 (Debian) PHP/7.1.28 configured -- resuming normal operations
[Mon Sep 16 18:33:29.142903 2019] [core:notice] [pid 1] AH00094: Command line: 'apache2 -D FOREGROUND'
AH00558: apache2: Could not reliably determine the server's fully qualified domain name, using 172.21.0.5. Set the 'ServerName' directive globally to suppress this message
[Sun Sep 22 13:18:24.950789 2019] [mpm_prefork:notice] [pid 1] AH00163: Apache/2.4.25 (Debian) PHP/7.1.28 configured -- resuming normal operations
[Sun Sep 22 13:18:24.953640 2019] [core:notice] [pid 1] AH00094: Command line: 'apache2 -D FOREGROUND'
AH00558: apache2: Could not reliably determine the server's fully qualified domain name, using 172.21.0.4. Set the 'ServerName' directive globally to suppress this message
[Sun Sep 29 12:51:43.996619 2019] [mpm_prefork:notice] [pid 1] AH00163: Apache/2.4.25 (Debian) PHP/7.1.28 configured -- resuming normal operations
[Sun Sep 29 12:51:44.006506 2019] [core:notice] [pid 1] AH00094: Command line: 'apache2 -D FOREGROUND'
AH00558: apache2: Could not reliably determine the server's fully qualified domain name, using 172.21.0.4. Set the 'ServerName' directive globally to suppress this message
[Thu Oct 03 07:00:07.902223 2019] [mpm_prefork:notice] [pid 1] AH00163: Apache/2.4.25 (Debian) PHP/7.1.28 configured -- resuming normal operations
[Thu Oct 03 07:00:07.903297 2019] [core:notice] [pid 1] AH00094: Command line: 'apache2 -D FOREGROUND'
AH00558: apache2: Could not reliably determine the server's fully qualified domain name, using 172.21.0.3. Set the 'ServerName' directive globally to suppress this message
[Mon Oct 07 14:54:49.196652 2019] [mpm_prefork:notice] [pid 1] AH00163: Apache/2.4.25 (Debian) PHP/7.1.28 configured -- resuming normal operations
[Mon Oct 07 14:54:49.197049 2019] [core:notice] [pid 1] AH00094: Command line: 'apache2 -D FOREGROUND'
[Mon Oct 07 16:02:15.408437 2019] [mpm_prefork:notice] [pid 1] AH00169: caught SIGTERM, shutting down
AH00558: apache2: Could not reliably determine the server's fully qualified domain name, using 172.21.0.3. Set the 'ServerName' directive globally to suppress this message
[Mon Oct 07 16:02:40.001088 2019] [mpm_prefork:notice] [pid 1] AH00163: Apache/2.4.25 (Debian) PHP/7.1.28 configured -- resuming normal operations
[Mon Oct 07 16:02:40.001462 2019] [core:notice] [pid 1] AH00094: Command line: 'apache2 -D FOREGROUND'
[Mon Oct 07 16:02:49.767160 2019] [mpm_prefork:notice] [pid 1] AH00169: caught SIGTERM, shutting down
AH00558: apache2: Could not reliably determine the server's fully qualified domain name, using 172.21.0.5. Set the 'ServerName' directive globally to suppress this message
[Mon Oct 07 16:03:06.928286 2019] [mpm_prefork:notice] [pid 1] AH00163: Apache/2.4.25 (Debian) PHP/7.1.28 configured -- resuming normal operations
[Mon Oct 07 16:03:06.928670 2019] [core:notice] [pid 1] AH00094: Command line: 'apache2 -D FOREGROUND'
[Mon Oct 07 16:03:40.358109 2019] [mpm_prefork:notice] [pid 1] AH00169: caught SIGTERM, shutting down
AH00558: apache2: Could not reliably determine the server's fully qualified domain name, using 172.21.0.3. Set the 'ServerName' directive globally to suppress this message
[Mon Oct 07 16:04:17.777388 2019] [mpm_prefork:notice] [pid 1] AH00163: Apache/2.4.25 (Debian) PHP/7.1.28 configured -- resuming normal operations
[Mon Oct 07 16:04:17.777803 2019] [core:notice] [pid 1] AH00094: Command line: 'apache2 -D FOREGROUND'
[Mon Oct 07 16:05:04.194757 2019] [mpm_prefork:notice] [pid 1] AH00169: caught SIGTERM, shutting down
AH00558: apache2: Could not reliably determine the server's fully qualified domain name, using 172.18.0.4. Set the 'ServerName' directive globally to suppress this message
[Tue Oct 08 13:51:45.889611 2019] [mpm_prefork:notice] [pid 1] AH00163: Apache/2.4.25 (Debian) PHP/7.1.28 configured -- resuming normal operations
[Tue Oct 08 13:51:45.890013 2019] [core:notice] [pid 1] AH00094: Command line: 'apache2 -D FOREGROUND'
[Tue Oct 08 13:58:00.935692 2019] [mpm_prefork:notice] [pid 1] AH00169: caught SIGTERM, shutting down
AH00558: apache2: Could not reliably determine the server's fully qualified domain name, using 172.18.0.3. Set the 'ServerName' directive globally to suppress this message
[Tue Oct 08 13:58:04.357371 2019] [mpm_prefork:notice] [pid 1] AH00163: Apache/2.4.25 (Debian) PHP/7.1.28 configured -- resuming normal operations
[Tue Oct 08 13:58:04.357731 2019] [core:notice] [pid 1] AH00094: Command line: 'apache2 -D FOREGROUND'
[Tue Oct 08 14:00:10.652676 2019] [mpm_prefork:notice] [pid 1] AH00169: caught SIGTERM, shutting down
AH00558: apache2: Could not reliably determine the server's fully qualified domain name, using 172.18.0.5. Set the 'ServerName' directive globally to suppress this message
[Tue Oct 08 14:03:19.797236 2019] [mpm_prefork:notice] [pid 1] AH00163: Apache/2.4.25 (Debian) PHP/7.1.28 configured -- resuming normal operations
[Tue Oct 08 14:03:19.797674 2019] [core:notice] [pid 1] AH00094: Command line: 'apache2 -D FOREGROUND'
[Tue Oct 08 23:43:04.955000 2019] [mpm_prefork:notice] [pid 1] AH00169: caught SIGTERM, shutting down
AH00558: apache2: Could not reliably determine the server's fully qualified domain name, using 172.18.0.4. Set the 'ServerName' directive globally to suppress this message
[Wed Oct 09 12:14:22.884071 2019] [mpm_prefork:notice] [pid 1] AH00163: Apache/2.4.25 (Debian) PHP/7.1.28 configured -- resuming normal operations
[Wed Oct 09 12:14:22.884439 2019] [core:notice] [pid 1] AH00094: Command line: 'apache2 -D FOREGROUND'
[Thu Oct 10 00:43:33.451993 2019] [mpm_prefork:notice] [pid 1] AH00169: caught SIGTERM, shutting down
AH00558: apache2: Could not reliably determine the server's fully qualified domain name, using 172.18.0.4. Set the 'ServerName' directive globally to suppress this message
[Thu Oct 10 18:52:11.636972 2019] [mpm_prefork:notice] [pid 1] AH00163: Apache/2.4.25 (Debian) PHP/7.1.28 configured -- resuming normal operations
[Thu Oct 10 18:52:11.646161 2019] [core:notice] [pid 1] AH00094: Command line: 'apache2 -D FOREGROUND'
[Fri Oct 11 10:50:37.633071 2019] [mpm_prefork:notice] [pid 1] AH00169: caught SIGTERM, shutting down
AH00558: apache2: Could not reliably determine the server's fully qualified domain name, using 172.18.0.3. Set the 'ServerName' directive globally to suppress this message
[Tue Oct 15 17:17:15.526099 2019] [mpm_prefork:notice] [pid 1] AH00163: Apache/2.4.25 (Debian) PHP/7.1.28 configured -- resuming normal operations
[Tue Oct 15 17:17:15.526421 2019] [core:notice] [pid 1] AH00094: Command line: 'apache2 -D FOREGROUND'
[Tue Oct 15 23:48:33.129067 2019] [mpm_prefork:notice] [pid 1] AH00169: caught SIGTERM, shutting down
AH00558: apache2: Could not reliably determine the server's fully qualified domain name, using 172.18.0.2. Set the 'ServerName' directive globally to suppress this message
[Wed Oct 16 11:43:33.758413 2019] [mpm_prefork:notice] [pid 1] AH00163: Apache/2.4.25 (Debian) PHP/7.1.28 configured -- resuming normal operations
[Wed Oct 16 11:43:33.772020 2019] [core:notice] [pid 1] AH00094: Command line: 'apache2 -D FOREGROUND'
[Wed Oct 16 22:18:47.926026 2019] [mpm_prefork:notice] [pid 1] AH00169: caught SIGTERM, shutting down
AH00558: apache2: Could not reliably determine the server's fully qualified domain name, using 172.18.0.3. Set the 'ServerName' directive globally to suppress this message
[Tue Oct 29 05:23:15.146045 2019] [mpm_prefork:notice] [pid 1] AH00163: Apache/2.4.25 (Debian) PHP/7.1.28 configured -- resuming normal operations
[Tue Oct 29 05:23:15.147867 2019] [core:notice] [pid 1] AH00094: Command line: 'apache2 -D FOREGROUND'
[Wed Oct 30 00:44:57.876403 2019] [mpm_prefork:notice] [pid 1] AH00169: caught SIGTERM, shutting down
AH00558: apache2: Could not reliably determine the server's fully qualified domain name, using 172.18.0.3. Set the 'ServerName' directive globally to suppress this message
[Sat Nov 02 06:32:08.811618 2019] [mpm_prefork:notice] [pid 1] AH00163: Apache/2.4.25 (Debian) PHP/7.1.28 configured -- resuming normal operations
[Sat Nov 02 06:32:08.812472 2019] [core:notice] [pid 1] AH00094: Command line: 'apache2 -D FOREGROUND'
